#
# There is insufficient memory for the Java Runtime Environment to continue.
# Native memory allocation (malloc) failed to allocate 1048576 bytes for AllocateHeap
# Possible reasons:
#   The system is out of physical RAM or swap space
#   In 32 bit mode, the process size limit was hit
# Possible solutions:
#   Reduce memory load on the system
#   Increase physical memory or swap space
#   Check if swap backing store is full
#   Use 64 bit Java on a 64 bit OS
#   Decrease Java heap size (-Xmx/-Xms)
#   Decrease number of Java threads
#   Decrease Java thread stack sizes (-Xss)
#   Set larger code cache with -XX:ReservedCodeCacheSize=
# This output file may be truncated or incomplete.
#
#  Out of Memory Error (memory/allocation.inline.hpp:61), pid=4688, tid=0x0000000000000dc8
#
# JRE version:  (8.0_121-b13) (build )
# Java VM: Java HotSpot(TM) 64-Bit Server VM (25.121-b13 mixed mode windows-amd64 compressed oops)
# Failed to write core dump. Minidumps are not enabled by default on client versions of Windows
#

---------------  T H R E A D  ---------------

Current thread (0x00000000049b2800):  JavaThread "Unknown thread" [_thread_in_vm, id=3528, stack(0x00000000048b0000,0x00000000049b0000)]

Stack: [0x00000000048b0000,0x00000000049b0000]
[error occurred during error reporting (printing stack bounds), id 0xc0000005]

Native frames: (J=compiled Java code, j=interpreted, Vv=VM code, C=native code)


---------------  P R O C E S S  ---------------

Java Threads: ( => current thread )

Other Threads:

=>0x00000000049b2800 (exited) JavaThread "Unknown thread" [_thread_in_vm, id=3528, stack(0x00000000048b0000,0x00000000049b0000)]

VM state:not at safepoint (normal execution)

VM Mutex/Monitor currently owned by a thread: None

Heap:
 PSYoungGen      total 18944K, used 327K [0x00000000eb200000, 0x00000000ec700000, 0x0000000100000000)
  eden space 16384K, 2% used [0x00000000eb200000,0x00000000eb251ec8,0x00000000ec200000)
  from space 2560K, 0% used [0x00000000ec480000,0x00000000ec480000,0x00000000ec700000)
  to   space 2560K, 0% used [0x00000000ec200000,0x00000000ec200000,0x00000000ec480000)
 ParOldGen       total 44032K, used 0K [0x00000000c1600000, 0x00000000c4100000, 0x00000000eb200000)
  object space 44032K, 0% used [0x00000000c1600000,0x00000000c1600000,0x00000000c4100000)
 Metaspace       used 746K, capacity 4480K, committed 4480K, reserved 1056768K
  class space    used 75K, capacity 384K, committed 384K, reserved 1048576K

Card table byte_map: [0x0000000013e70000,0x0000000014070000] byte_map_base: 0x0000000013865000

Marking Bits: (ParMarkBitMap*) 0x0000000068b6b6d0
 Begin Bits: [0x00000000145c0000, 0x0000000015568000)
 End Bits:   [0x0000000015568000, 0x0000000016510000)

Polling page: 0x0000000002a30000

CodeCache: size=245760Kb used=328Kb max_used=328Kb free=245431Kb
 bounds [0x0000000004ab0000, 0x0000000004d20000, 0x0000000013ab0000]
 total_blobs=58 nmethods=0 adapters=38
 compilation: enabled

Compilation events (0 events):
No events

GC Heap History (0 events):
No events

Deoptimization events (0 events):
No events

Internal exceptions (0 events):
No events

Events (10 events):
Event: 0.132 loading class java/lang/Short
Event: 0.132 loading class java/lang/Short done
Event: 0.132 loading class java/lang/Integer
Event: 0.132 loading class java/lang/Integer done
Event: 0.132 loading class java/lang/Long
Event: 0.132 loading class java/lang/Long done
Event: 0.133 loading class java/lang/NullPointerException
Event: 0.133 loading class java/lang/NullPointerException done
Event: 0.133 loading class java/lang/ArithmeticException
Event: 0.133 loading class java/lang/ArithmeticException done


Dynamic libraries:
0x00007ff60a6f0000 - 0x00007ff60a727000 	C:\Program Files\Java\jre1.8.0_121\bin\javaw.exe
0x00007ff88c600000 - 0x00007ff88c7e0000 	C:\WINDOWS\SYSTEM32\ntdll.dll
0x00007ff88af40000 - 0x00007ff88afee000 	C:\WINDOWS\System32\KERNEL32.DLL
0x00007ff889610000 - 0x00007ff889876000 	C:\WINDOWS\System32\KERNELBASE.dll
0x00007ff88abe0000 - 0x00007ff88ac81000 	C:\WINDOWS\System32\ADVAPI32.dll
0x00007ff88ab10000 - 0x00007ff88abad000 	C:\WINDOWS\System32\msvcrt.dll
0x00007ff88a5b0000 - 0x00007ff88a60b000 	C:\WINDOWS\System32\sechost.dll
0x00007ff88ae00000 - 0x00007ff88af1f000 	C:\WINDOWS\System32\RPCRT4.dll
0x00007ff88aff0000 - 0x00007ff88b17f000 	C:\WINDOWS\System32\USER32.dll
0x00007ff889250000 - 0x00007ff889270000 	C:\WINDOWS\System32\win32u.dll
0x00007ff889ce0000 - 0x00007ff889d08000 	C:\WINDOWS\System32\GDI32.dll
0x00007ff889370000 - 0x00007ff889503000 	C:\WINDOWS\System32\gdi32full.dll
0x00007ff889270000 - 0x00007ff88930b000 	C:\WINDOWS\System32\msvcp_win.dll
0x00007ff888a00000 - 0x00007ff888af6000 	C:\WINDOWS\System32\ucrtbase.dll
0x00007ff879210000 - 0x00007ff879479000 	C:\WINDOWS\WinSxS\amd64_microsoft.windows.common-controls_6595b64144ccf1df_6.0.16299.492_none_15c8d3609364b9b0\COMCTL32.dll
0x00007ff889d80000 - 0x00007ff88a087000 	C:\WINDOWS\System32\combase.dll
0x00007ff889a50000 - 0x00007ff889ac2000 	C:\WINDOWS\System32\bcryptPrimitives.dll
0x00007ff88abb0000 - 0x00007ff88abdd000 	C:\WINDOWS\System32\IMM32.DLL
0x00000000680a0000 - 0x0000000068172000 	C:\Program Files\Java\jre1.8.0_121\bin\msvcr100.dll
0x0000000068350000 - 0x0000000068beb000 	C:\Program Files\Java\jre1.8.0_121\bin\server\jvm.dll
0x00007ff88b180000 - 0x00007ff88b188000 	C:\WINDOWS\System32\PSAPI.DLL
0x00007ff8839a0000 - 0x00007ff8839a9000 	C:\WINDOWS\SYSTEM32\WSOCK32.dll
0x00007ff886dc0000 - 0x00007ff886de3000 	C:\WINDOWS\SYSTEM32\WINMM.dll
0x00007ff889d10000 - 0x00007ff889d7c000 	C:\WINDOWS\System32\WS2_32.dll
0x00007ff87fc00000 - 0x00007ff87fc0a000 	C:\WINDOWS\SYSTEM32\VERSION.dll
0x00007ff886d90000 - 0x00007ff886dba000 	C:\WINDOWS\SYSTEM32\winmmbase.dll
0x00007ff889510000 - 0x00007ff88955a000 	C:\WINDOWS\System32\cfgmgr32.dll
0x0000000068260000 - 0x000000006826f000 	C:\Program Files\Java\jre1.8.0_121\bin\verify.dll
0x0000000068230000 - 0x0000000068259000 	C:\Program Files\Java\jre1.8.0_121\bin\java.dll
0x0000000068210000 - 0x0000000068226000 	C:\Program Files\Java\jre1.8.0_121\bin\zip.dll

VM Arguments:
jvm_args: -Dfile.encoding=Cp1252 
java_command: Main.ShowYoga
java_class_path (initial): C:\Program Files\Java\jre1.8.0_121\lib\resources.jar;C:\Program Files\Java\jre1.8.0_121\lib\rt.jar;C:\Program Files\Java\jre1.8.0_121\lib\jsse.jar;C:\Program Files\Java\jre1.8.0_121\lib\jce.jar;C:\Program Files\Java\jre1.8.0_121\lib\charsets.jar;C:\Program Files\Java\jre1.8.0_121\lib\jfr.jar;C:\Program Files\Java\jre1.8.0_121\lib\ext\access-bridge-64.jar;C:\Program Files\Java\jre1.8.0_121\lib\ext\cldrdata.jar;C:\Program Files\Java\jre1.8.0_121\lib\ext\dnsns.jar;C:\Program Files\Java\jre1.8.0_121\lib\ext\jaccess.jar;C:\Program Files\Java\jre1.8.0_121\lib\ext\jfxrt.jar;C:\Program Files\Java\jre1.8.0_121\lib\ext\localedata.jar;C:\Program Files\Java\jre1.8.0_121\lib\ext\nashorn.jar;C:\Program Files\Java\jre1.8.0_121\lib\ext\sunec.jar;C:\Program Files\Java\jre1.8.0_121\lib\ext\sunjce_provider.jar;C:\Program Files\Java\jre1.8.0_121\lib\ext\sunmscapi.jar;C:\Program Files\Java\jre1.8.0_121\lib\ext\sunpkcs11.jar;C:\Program Files\Java\jre1.8.0_121\lib\ext\zipfs.jar;F:\Eclipse\WorkSpace\Swasth\bin;F:\Cdac\mysql-connector-java-5.1.19-bin.jar
Launcher Type: SUN_STANDARD

Environment Variables:
JAVA_HOME=C:\Program Files\Java\jdk1.8.0_121
PATH=C:/Program Files/Java/jre1.8.0_121/bin/server;C:/Program Files/Java/jre1.8.0_121/bin;C:/Program Files/Java/jre1.8.0_121/lib/amd64;C:\ProgramData\Oracle\Java\javapath;C:\WINDOWS\system32;C:\WINDOWS;C:\WINDOWS\System32\Wbem;C:\WINDOWS\System32\WindowsPowerShell\v1.0\;C:\Program Files\nodejs\;C:\Program Files (x86)\Brackets\command;C:\Program Files\Java\jdk1.8.0_121\bin;C:\Users\AMIT-PC\AppData\Roaming\npm;C:\Users\AMIT-PC\AppData\Local\Microsoft\WindowsApps;C:\Users\AMIT-PC\AppData\Local\atom\bin;F:\Eclipse\eclipse;
USERNAME=AMIT-PC
OS=Windows_NT
PROCESSOR_IDENTIFIER=Intel64 Family 6 Model 42 Stepping 7, GenuineIntel



---------------  S Y S T E M  ---------------

OS: Windows 10.0 , 64 bit Build 16299 (10.0.16299.431)

CPU:total 4 (2 cores per cpu, 2 threads per core) family 6 model 42 stepping 7, cmov, cx8, fxsr, mmx, sse, sse2, sse3, ssse3, sse4.1, sse4.2, popcnt, avx, aes, clmul, ht, tsc, tscinvbit

Memory: 4k page, physical 4096732k(405476k free), swap 11264732k(5288k free)

vm_info: Java HotSpot(TM) 64-Bit Server VM (25.121-b13) for windows-amd64 JRE (1.8.0_121-b13), built on Dec 12 2016 18:21:36 by "java_re" with MS VC++ 10.0 (VS2010)

time: Thu Jul 12 23:12:37 2018
elapsed time: 0 seconds (0d 0h 0m 0s)

