#
# There is insufficient memory for the Java Runtime Environment to continue.
# Native memory allocation (malloc) failed to allocate 95456 bytes for Chunk::new
# Possible reasons:
#   The system is out of physical RAM or swap space
#   In 32 bit mode, the process size limit was hit
# Possible solutions:
#   Reduce memory load on the system
#   Increase physical memory or swap space
#   Check if swap backing store is full
#   Use 64 bit Java on a 64 bit OS
#   Decrease Java heap size (-Xmx/-Xms)
#   Decrease number of Java threads
#   Decrease Java thread stack sizes (-Xss)
#   Set larger code cache with -XX:ReservedCodeCacheSize=
# This output file may be truncated or incomplete.
#
#  Out of Memory Error (allocation.cpp:390), pid=7744, tid=0x00000000000035b0
#
# JRE version: Java(TM) SE Runtime Environment (8.0_121-b13) (build 1.8.0_121-b13)
# Java VM: Java HotSpot(TM) 64-Bit Server VM (25.121-b13 mixed mode windows-amd64 compressed oops)
# Failed to write core dump. Minidumps are not enabled by default on client versions of Windows
#

---------------  T H R E A D  ---------------

Current thread (0x0000000017670000):  JavaThread "C2 CompilerThread1" daemon [_thread_in_native, id=13744, stack(0x0000000018eb0000,0x0000000018fb0000)]

Stack: [0x0000000018eb0000,0x0000000018fb0000]
[error occurred during error reporting (printing stack bounds), id 0xc0000005]

Native frames: (J=compiled Java code, j=interpreted, Vv=VM code, C=native code)


Current CompileTask:
C2:    579  379       4       java.lang.String::replace (127 bytes)


---------------  P R O C E S S  ---------------

Java Threads: ( => current thread )
  0x00000000194ac800 JavaThread "AWT-EventQueue-0" [_thread_blocked, id=5968, stack(0x000000001a7f0000,0x000000001a8f0000)]
  0x0000000019488800 JavaThread "AWT-Windows" daemon [_thread_in_native, id=13564, stack(0x000000001a2e0000,0x000000001a3e0000)]
  0x0000000019488000 JavaThread "AWT-Shutdown" [_thread_blocked, id=14228, stack(0x000000001a1e0000,0x000000001a2e0000)]
  0x0000000019833800 JavaThread "Java2D Disposer" daemon [_thread_blocked, id=12508, stack(0x0000000019ff0000,0x000000001a0f0000)]
  0x00000000190d6000 JavaThread "Service Thread" daemon [_thread_blocked, id=10640, stack(0x00000000194b0000,0x00000000195b0000)]
  0x0000000017678800 JavaThread "C1 CompilerThread2" daemon [_thread_blocked, id=3244, stack(0x0000000018fb0000,0x00000000190b0000)]
=>0x0000000017670000 JavaThread "C2 CompilerThread1" daemon [_thread_in_native, id=13744, stack(0x0000000018eb0000,0x0000000018fb0000)]
  0x000000001766c800 JavaThread "C2 CompilerThread0" daemon [_thread_blocked, id=3268, stack(0x0000000018db0000,0x0000000018eb0000)]
  0x000000001766b000 JavaThread "Attach Listener" daemon [_thread_blocked, id=9152, stack(0x0000000018cb0000,0x0000000018db0000)]
  0x0000000017669800 JavaThread "Signal Dispatcher" daemon [_thread_blocked, id=7816, stack(0x0000000018bb0000,0x0000000018cb0000)]
  0x000000000506a800 JavaThread "Finalizer" daemon [_thread_blocked, id=11420, stack(0x00000000188c0000,0x00000000189c0000)]
  0x0000000017639000 JavaThread "Reference Handler" daemon [_thread_blocked, id=7352, stack(0x00000000187c0000,0x00000000188c0000)]
  0x0000000004f72800 JavaThread "main" [_thread_in_native, id=7104, stack(0x0000000004e70000,0x0000000004f70000)]

Other Threads:
  0x0000000017637000 VMThread [stack: 0x00000000186c0000,0x00000000187c0000] [id=12432]
  0x00000000190fd000 WatcherThread [stack: 0x00000000195b0000,0x00000000196b0000] [id=13240]

VM state:not at safepoint (normal execution)

VM Mutex/Monitor currently owned by a thread: None

Heap:
 PSYoungGen      total 18944K, used 6748K [0x00000000eb200000, 0x00000000ec700000, 0x0000000100000000)
  eden space 16384K, 41% used [0x00000000eb200000,0x00000000eb897098,0x00000000ec200000)
  from space 2560K, 0% used [0x00000000ec480000,0x00000000ec480000,0x00000000ec700000)
  to   space 2560K, 0% used [0x00000000ec200000,0x00000000ec200000,0x00000000ec480000)
 ParOldGen       total 44032K, used 0K [0x00000000c1600000, 0x00000000c4100000, 0x00000000eb200000)
  object space 44032K, 0% used [0x00000000c1600000,0x00000000c1600000,0x00000000c4100000)
 Metaspace       used 9238K, capacity 9418K, committed 9728K, reserved 1058816K
  class space    used 1100K, capacity 1161K, committed 1280K, reserved 1048576K

Card table byte_map: [0x0000000014430000,0x0000000014630000] byte_map_base: 0x0000000013e25000

Marking Bits: (ParMarkBitMap*) 0x0000000068b6b6d0
 Begin Bits: [0x0000000014b80000, 0x0000000015b28000)
 End Bits:   [0x0000000015b28000, 0x0000000016ad0000)

Polling page: 0x0000000003180000

CodeCache: size=245760Kb used=1926Kb max_used=1936Kb free=243834Kb
 bounds [0x0000000005070000, 0x00000000052e0000, 0x0000000014070000]
 total_blobs=801 nmethods=392 adapters=322
 compilation: enabled

Compilation events (10 events):
Event: 0.548 Thread 0x0000000017678800  383       3       sun.reflect.ReflectionFactory::langReflectAccess (15 bytes)
Event: 0.548 Thread 0x0000000017678800 nmethod 383 0x0000000005246910 code [0x0000000005246a80, 0x0000000005246c90]
Event: 0.548 Thread 0x0000000017678800  384       3       java.lang.reflect.AccessibleObject::<init> (5 bytes)
Event: 0.548 Thread 0x0000000017678800 nmethod 384 0x000000000524a9d0 code [0x000000000524ab20, 0x000000000524acd0]
Event: 0.548 Thread 0x0000000017678800  378       1       java.net.URLStreamHandler::getDefaultPort (2 bytes)
Event: 0.548 Thread 0x0000000017678800 nmethod 378 0x0000000005246590 code [0x00000000052466e0, 0x00000000052467f0]
Event: 0.548 Thread 0x0000000017678800  386       1       java.lang.reflect.Field::getType (5 bytes)
Event: 0.548 Thread 0x0000000017678800 nmethod 386 0x000000000524b150 code [0x000000000524b2a0, 0x000000000524b3b0]
Event: 0.549 Thread 0x0000000017678800  387       3       java.lang.ClassLoader::loadClass (7 bytes)
Event: 0.550 Thread 0x0000000017678800 nmethod 387 0x000000000524b410 code [0x000000000524b580, 0x000000000524b7a8]

GC Heap History (0 events):
No events

Deoptimization events (0 events):
No events

Internal exceptions (10 events):
Event: 0.139 Thread 0x0000000004f72800 Exception <a 'java/lang/NoSuchMethodError': Method sun.misc.Unsafe.defineClass(Ljava/lang/String;[BII)Ljava/lang/Class; name or signature does not match> (0x00000000eb207ca8) thrown at [C:\re\workspace\8-2-build-windows-amd64-cygwin\jdk8u121\8372\hotspot\
Event: 0.139 Thread 0x0000000004f72800 Exception <a 'java/lang/NoSuchMethodError': Method sun.misc.Unsafe.prefetchRead(Ljava/lang/Object;J)V name or signature does not match> (0x00000000eb207f90) thrown at [C:\re\workspace\8-2-build-windows-amd64-cygwin\jdk8u121\8372\hotspot\src\share\vm\prims
Event: 0.237 Thread 0x0000000004f72800 Exception <a 'java/security/PrivilegedActionException'> (0x00000000eb29e310) thrown at [C:\re\workspace\8-2-build-windows-amd64-cygwin\jdk8u121\8372\hotspot\src\share\vm\prims\jvm.cpp, line 1390]
Event: 0.237 Thread 0x0000000004f72800 Exception <a 'java/security/PrivilegedActionException'> (0x00000000eb29e520) thrown at [C:\re\workspace\8-2-build-windows-amd64-cygwin\jdk8u121\8372\hotspot\src\share\vm\prims\jvm.cpp, line 1390]
Event: 0.238 Thread 0x0000000004f72800 Exception <a 'java/security/PrivilegedActionException'> (0x00000000eb2a2190) thrown at [C:\re\workspace\8-2-build-windows-amd64-cygwin\jdk8u121\8372\hotspot\src\share\vm\prims\jvm.cpp, line 1390]
Event: 0.238 Thread 0x0000000004f72800 Exception <a 'java/security/PrivilegedActionException'> (0x00000000eb2a23a0) thrown at [C:\re\workspace\8-2-build-windows-amd64-cygwin\jdk8u121\8372\hotspot\src\share\vm\prims\jvm.cpp, line 1390]
Event: 0.246 Thread 0x0000000004f72800 Exception <a 'java/io/FileNotFoundException'> (0x00000000eb302ef0) thrown at [C:\re\workspace\8-2-build-windows-amd64-cygwin\jdk8u121\8372\hotspot\src\share\vm\prims\jni.cpp, line 709]
Event: 0.293 Thread 0x0000000004f72800 Exception <a 'java/lang/NoSuchFieldError': method resolution failed> (0x00000000eb3d0a30) thrown at [C:\re\workspace\8-2-build-windows-amd64-cygwin\jdk8u121\8372\hotspot\src\share\vm\prims\methodHandles.cpp, line 1146]
Event: 0.295 Thread 0x0000000004f72800 Exception <a 'java/lang/NoSuchFieldError': method resolution failed> (0x00000000eb3dde00) thrown at [C:\re\workspace\8-2-build-windows-amd64-cygwin\jdk8u121\8372\hotspot\src\share\vm\prims\methodHandles.cpp, line 1146]
Event: 0.349 Thread 0x0000000004f72800 Exception <a 'java/io/FileNotFoundException'> (0x00000000eb471ba0) thrown at [C:\re\workspace\8-2-build-windows-amd64-cygwin\jdk8u121\8372\hotspot\src\share\vm\prims\jni.cpp, line 709]

Events (10 events):
Event: 0.548 loading class com/mysql/jdbc/log/NullLogger
Event: 0.548 loading class com/mysql/jdbc/log/NullLogger done
Event: 0.549 loading class com/mysql/jdbc/JDBC4Connection
Event: 0.549 loading class com/mysql/jdbc/JDBC4Connection done
Event: 0.550 loading class java/sql/Blob
Event: 0.550 loading class java/sql/Blob done
Event: 0.550 loading class java/sql/SQLXML
Event: 0.550 loading class java/sql/SQLXML done
Event: 0.550 loading class java/sql/SQLClientInfoException
Event: 0.551 loading class java/sql/SQLClientInfoException done


Dynamic libraries:
0x00007ff60a6f0000 - 0x00007ff60a727000 	C:\Program Files\Java\jre1.8.0_121\bin\javaw.exe
0x00007ff88c600000 - 0x00007ff88c7e0000 	C:\WINDOWS\SYSTEM32\ntdll.dll
0x00007ff88af40000 - 0x00007ff88afee000 	C:\WINDOWS\System32\KERNEL32.DLL
0x00007ff889610000 - 0x00007ff889876000 	C:\WINDOWS\System32\KERNELBASE.dll
0x00007ff88abe0000 - 0x00007ff88ac81000 	C:\WINDOWS\System32\ADVAPI32.dll
0x00007ff88ab10000 - 0x00007ff88abad000 	C:\WINDOWS\System32\msvcrt.dll
0x00007ff88a5b0000 - 0x00007ff88a60b000 	C:\WINDOWS\System32\sechost.dll
0x00007ff88ae00000 - 0x00007ff88af1f000 	C:\WINDOWS\System32\RPCRT4.dll
0x00007ff88aff0000 - 0x00007ff88b17f000 	C:\WINDOWS\System32\USER32.dll
0x00007ff889250000 - 0x00007ff889270000 	C:\WINDOWS\System32\win32u.dll
0x00007ff889ce0000 - 0x00007ff889d08000 	C:\WINDOWS\System32\GDI32.dll
0x00007ff889370000 - 0x00007ff889503000 	C:\WINDOWS\System32\gdi32full.dll
0x00007ff889270000 - 0x00007ff88930b000 	C:\WINDOWS\System32\msvcp_win.dll
0x00007ff888a00000 - 0x00007ff888af6000 	C:\WINDOWS\System32\ucrtbase.dll
0x00007ff879210000 - 0x00007ff879479000 	C:\WINDOWS\WinSxS\amd64_microsoft.windows.common-controls_6595b64144ccf1df_6.0.16299.492_none_15c8d3609364b9b0\COMCTL32.dll
0x00007ff889d80000 - 0x00007ff88a087000 	C:\WINDOWS\System32\combase.dll
0x00007ff889a50000 - 0x00007ff889ac2000 	C:\WINDOWS\System32\bcryptPrimitives.dll
0x00007ff88abb0000 - 0x00007ff88abdd000 	C:\WINDOWS\System32\IMM32.DLL
0x00000000680a0000 - 0x0000000068172000 	C:\Program Files\Java\jre1.8.0_121\bin\msvcr100.dll
0x0000000068350000 - 0x0000000068beb000 	C:\Program Files\Java\jre1.8.0_121\bin\server\jvm.dll
0x00007ff88b180000 - 0x00007ff88b188000 	C:\WINDOWS\System32\PSAPI.DLL
0x00007ff8839a0000 - 0x00007ff8839a9000 	C:\WINDOWS\SYSTEM32\WSOCK32.dll
0x00007ff889d10000 - 0x00007ff889d7c000 	C:\WINDOWS\System32\WS2_32.dll
0x00007ff886dc0000 - 0x00007ff886de3000 	C:\WINDOWS\SYSTEM32\WINMM.dll
0x00007ff87fc00000 - 0x00007ff87fc0a000 	C:\WINDOWS\SYSTEM32\VERSION.dll
0x00007ff886d90000 - 0x00007ff886dba000 	C:\WINDOWS\SYSTEM32\winmmbase.dll
0x00007ff889510000 - 0x00007ff88955a000 	C:\WINDOWS\System32\cfgmgr32.dll
0x0000000068260000 - 0x000000006826f000 	C:\Program Files\Java\jre1.8.0_121\bin\verify.dll
0x0000000068230000 - 0x0000000068259000 	C:\Program Files\Java\jre1.8.0_121\bin\java.dll
0x0000000068210000 - 0x0000000068226000 	C:\Program Files\Java\jre1.8.0_121\bin\zip.dll
0x00007ff88b190000 - 0x00007ff88c5c8000 	C:\WINDOWS\System32\SHELL32.dll
0x00007ff88ad50000 - 0x00007ff88adf6000 	C:\WINDOWS\System32\shcore.dll
0x00007ff888b00000 - 0x00007ff889247000 	C:\WINDOWS\System32\windows.storage.dll
0x00007ff88ac90000 - 0x00007ff88ace1000 	C:\WINDOWS\System32\shlwapi.dll
0x00007ff888990000 - 0x00007ff8889a1000 	C:\WINDOWS\System32\kernel.appcore.dll
0x00007ff8889b0000 - 0x00007ff8889fc000 	C:\WINDOWS\System32\powrprof.dll
0x00007ff888970000 - 0x00007ff88898b000 	C:\WINDOWS\System32\profapi.dll
0x0000000067f00000 - 0x0000000068098000 	C:\Program Files\Java\jre1.8.0_121\bin\awt.dll
0x00007ff88a090000 - 0x00007ff88a155000 	C:\WINDOWS\System32\OLEAUT32.dll
0x00007ff887050000 - 0x00007ff8870d8000 	C:\WINDOWS\SYSTEM32\apphelp.dll
0x00007ff887400000 - 0x00007ff88742a000 	C:\WINDOWS\system32\DWMAPI.DLL
0x00007ff887120000 - 0x00007ff8871b5000 	C:\WINDOWS\system32\uxtheme.dll
0x00007ff87de50000 - 0x00007ff87df6e000 	C:\WINDOWS\system32\opengl32.dll
0x00007ff8830a0000 - 0x00007ff8830cc000 	C:\WINDOWS\SYSTEM32\GLU32.dll
0x00007ff88a760000 - 0x00007ff88a8c7000 	C:\WINDOWS\System32\MSCTF.dll
0x00007ff88a610000 - 0x00007ff88a759000 	C:\WINDOWS\System32\ole32.dll

VM Arguments:
jvm_args: -Dfile.encoding=Cp1252 
java_command: Main.ShowYoga
java_class_path (initial): C:\Program Files\Java\jre1.8.0_121\lib\resources.jar;C:\Program Files\Java\jre1.8.0_121\lib\rt.jar;C:\Program Files\Java\jre1.8.0_121\lib\jsse.jar;C:\Program Files\Java\jre1.8.0_121\lib\jce.jar;C:\Program Files\Java\jre1.8.0_121\lib\charsets.jar;C:\Program Files\Java\jre1.8.0_121\lib\jfr.jar;C:\Program Files\Java\jre1.8.0_121\lib\ext\access-bridge-64.jar;C:\Program Files\Java\jre1.8.0_121\lib\ext\cldrdata.jar;C:\Program Files\Java\jre1.8.0_121\lib\ext\dnsns.jar;C:\Program Files\Java\jre1.8.0_121\lib\ext\jaccess.jar;C:\Program Files\Java\jre1.8.0_121\lib\ext\jfxrt.jar;C:\Program Files\Java\jre1.8.0_121\lib\ext\localedata.jar;C:\Program Files\Java\jre1.8.0_121\lib\ext\nashorn.jar;C:\Program Files\Java\jre1.8.0_121\lib\ext\sunec.jar;C:\Program Files\Java\jre1.8.0_121\lib\ext\sunjce_provider.jar;C:\Program Files\Java\jre1.8.0_121\lib\ext\sunmscapi.jar;C:\Program Files\Java\jre1.8.0_121\lib\ext\sunpkcs11.jar;C:\Program Files\Java\jre1.8.0_121\lib\ext\zipfs.jar;F:\Eclipse\WorkSpace\Swasth\bin;F:\Cdac\mysql-connector-java-5.1.19-bin.jar
Launcher Type: SUN_STANDARD

Environment Variables:
JAVA_HOME=C:\Program Files\Java\jdk1.8.0_121
PATH=C:/Program Files/Java/jre1.8.0_121/bin/server;C:/Program Files/Java/jre1.8.0_121/bin;C:/Program Files/Java/jre1.8.0_121/lib/amd64;C:\ProgramData\Oracle\Java\javapath;C:\WINDOWS\system32;C:\WINDOWS;C:\WINDOWS\System32\Wbem;C:\WINDOWS\System32\WindowsPowerShell\v1.0\;C:\Program Files\nodejs\;C:\Program Files (x86)\Brackets\command;C:\Program Files\Java\jdk1.8.0_121\bin;C:\Users\AMIT-PC\AppData\Roaming\npm;C:\Users\AMIT-PC\AppData\Local\Microsoft\WindowsApps;C:\Users\AMIT-PC\AppData\Local\atom\bin;F:\Eclipse\eclipse;
USERNAME=AMIT-PC
OS=Windows_NT
PROCESSOR_IDENTIFIER=Intel64 Family 6 Model 42 Stepping 7, GenuineIntel



---------------  S Y S T E M  ---------------

OS: Windows 10.0 , 64 bit Build 16299 (10.0.16299.431)

CPU:total 4 (2 cores per cpu, 2 threads per core) family 6 model 42 stepping 7, cmov, cx8, fxsr, mmx, sse, sse2, sse3, ssse3, sse4.1, sse4.2, popcnt, avx, aes, clmul, ht, tsc, tscinvbit

Memory: 4k page, physical 4096732k(268420k free), swap 11264732k(5140k free)

vm_info: Java HotSpot(TM) 64-Bit Server VM (25.121-b13) for windows-amd64 JRE (1.8.0_121-b13), built on Dec 12 2016 18:21:36 by "java_re" with MS VC++ 10.0 (VS2010)

time: Thu Jul 12 22:40:55 2018
elapsed time: 0 seconds (0d 0h 0m 0s)

